frontend/hire_pro/build/app/intermediates/manifest_merge_blame_file/debug/manifest-merger-blame-debug-report.txt
1<?xml version="1.0" encoding="utf-8"?>
2<manifest xmlns:android="http://schemas.android.com/apk/res/android"
3    package="com.example.hire_pro"
4    android:versionCode="1"
5    android:versionName="1.0.0" >
6
7    <uses-sdk
8        android:minSdkVersion="20"
9        android:targetSdkVersion="34" />
10    <!--
11         The INTERNET permission is required for development. Specifically,
12         the Flutter tool needs it to communicate with the running application
13         to allow setting breakpoints, to provide hot reload, etc.
14    -->
15    <uses-permission android:name="android.permission.INTERNET" />
15-->src/main/AndroidManifest.xml:42:5-66
15-->src/main/AndroidManifest.xml:42:22-64
16    <uses-permission android:name="android.permission.READ_EXTERNAL_STORAGE" />
16-->[:file_picker] AndroidManifest.xml:9:5-80
16-->[:file_picker] AndroidManifest.xml:9:22-77
17
18    <queries>
18-->[:file_picker] AndroidManifest.xml:11:5-17:15
19        <intent>
19-->[:file_picker] AndroidManifest.xml:12:9-16:18
20            <action android:name="android.intent.action.GET_CONTENT" />
20-->[:file_picker] AndroidManifest.xml:13:13-72
20-->[:file_picker] AndroidManifest.xml:13:21-69
21
22            <data android:mimeType="*/*" />
22-->[:file_picker] AndroidManifest.xml:15:13-44
22-->[:file_picker] AndroidManifest.xml:15:19-41
23        </intent>
24        <!-- Needs to be explicitly declared on Android R+ -->
25        <package android:name="com.google.android.apps.maps" />
25-->[com.google.android.gms:play-services-maps:18.1.0] AndroidManifest.xml:33:9-64
25-->[com.google.android.gms:play-services-maps:18.1.0] AndroidManifest.xml:33:18-61
26    </queries>
27
28    <uses-permission android:name="android.permission.VIBRATE" /> <!-- Include required permissions for Google Maps API to run. -->
28-->[:vibration] AndroidManifest.xml:9:5-66
28-->[:vibration] AndroidManifest.xml:9:22-63
29    <uses-permission android:name="android.permission.ACCESS_NETWORK_STATE" />
29-->[com.google.android.gms:play-services-maps:18.1.0] AndroidManifest.xml:23:5-79
29-->[com.google.android.gms:play-services-maps:18.1.0] AndroidManifest.xml:23:22-76
30
31    <uses-feature
31-->[com.google.android.gms:play-services-maps:18.1.0] AndroidManifest.xml:26:5-28:35
32        android:glEsVersion="0x00020000"
32-->[com.google.android.gms:play-services-maps:18.1.0] AndroidManifest.xml:27:9-41
33        android:required="true" />
33-->[com.google.android.gms:play-services-maps:18.1.0] AndroidManifest.xml:28:9-32
34
35    <permission
35-->[androidx.core:core:1.10.1] AndroidManifest.xml:22:5-24:47
36        android:name="com.example.hire_pro.DYNAMIC_RECEIVER_NOT_EXPORTED_PERMISSION"
36-->[androidx.core:core:1.10.1] AndroidManifest.xml:23:9-81
37        android:protectionLevel="signature" />
37-->[androidx.core:core:1.10.1] AndroidManifest.xml:24:9-44
38
39    <uses-permission android:name="com.example.hire_pro.DYNAMIC_RECEIVER_NOT_EXPORTED_PERMISSION" />
39-->[androidx.core:core:1.10.1] AndroidManifest.xml:26:5-97
39-->[androidx.core:core:1.10.1] AndroidManifest.xml:26:22-94
40
41    <application
42        android:name="android.app.Application"
43        android:appComponentFactory="androidx.core.app.CoreComponentFactory"
43-->[androidx.core:core:1.10.1] AndroidManifest.xml:28:18-86
44        android:debuggable="true"
45        android:icon="@mipmap/ic_launcher"
46        android:label="hire_pro" >
47        <activity
48            android:name="com.example.hire_pro.MainActivity"
49            android:configChanges="orientation|keyboardHidden|keyboard|screenSize|smallestScreenSize|locale|layoutDirection|fontScale|screenLayout|density|uiMode"
50            android:exported="true"
51            android:hardwareAccelerated="true"
52            android:launchMode="singleTop"
53            android:theme="@style/LaunchTheme"
54            android:windowSoftInputMode="adjustResize" >
55
56            <!--
57                 Specifies an Android theme to apply to this Activity as soon as
58                 the Android process has started. This theme is visible to the user
59                 while the Flutter UI initializes. After that, this theme continues
60                 to determine the Window background behind the Flutter UI.
61            -->
62            <meta-data
63                android:name="io.flutter.embedding.android.NormalTheme"
64                android:resource="@style/NormalTheme" />
65
66            <intent-filter>
67                <action android:name="android.intent.action.MAIN" />
68
69                <category android:name="android.intent.category.LAUNCHER" />
70            </intent-filter>
71        </activity>
72        <activity
73            android:name="com.yalantis.ucrop.UCropActivity"
74            android:screenOrientation="portrait"
75            android:theme="@style/Theme.AppCompat.Light.NoActionBar" />
76
77        <meta-data
78            android:name="com.google.android.geo.API_KEY"
79            android:value="AIzaSyDNOO9bzzNn34HNXZY1xT5IVvOlV37zFuE" />
80        <!--
81             Don't delete the meta-data below.
82             This is used by the Flutter tool to generate GeneratedPluginRegistrant.java
83        -->
84        <meta-data
85            android:name="flutterEmbedding"
86            android:value="2" />
87        <meta-data
88            android:name="com.google.android.geo.AIzaSyDNOO9bzzNn34HNXZY1xT5IVvOlV37zFuE"
89            android:value="AIzaSyDNOO9bzzNn34HNXZY1xT5IVvOlV37zFuE" />
90
91        <provider
91-->[:image_picker_android] AndroidManifest.xml:10:9-18:20
92            android:name="io.flutter.plugins.imagepicker.ImagePickerFileProvider"
92-->[:image_picker_android] AndroidManifest.xml:11:13-82
93            android:authorities="com.example.hire_pro.flutter.image_provider"
93-->[:image_picker_android] AndroidManifest.xml:12:13-74
94            android:exported="false"
94-->[:image_picker_android] AndroidManifest.xml:13:13-37
95            android:grantUriPermissions="true" >
95-->[:image_picker_android] AndroidManifest.xml:14:13-47
96            <meta-data
96-->[:image_picker_android] AndroidManifest.xml:15:13-17:75
97                android:name="android.support.FILE_PROVIDER_PATHS"
97-->[:image_picker_android] AndroidManifest.xml:16:17-67
98                android:resource="@xml/flutter_image_picker_file_paths" />
98-->[:image_picker_android] AndroidManifest.xml:17:17-72
99        </provider> <!-- Needs to be explicitly declared on P+ -->
100        <uses-library
100-->[com.google.android.gms:play-services-maps:18.1.0] AndroidManifest.xml:39:9-41:40
101            android:name="org.apache.http.legacy"
101-->[com.google.android.gms:play-services-maps:18.1.0] AndroidManifest.xml:40:13-50
102            android:required="false" />
102-->[com.google.android.gms:play-services-maps:18.1.0] AndroidManifest.xml:41:13-37
103
104        <activity
104-->[com.google.android.gms:play-services-base:18.0.1] AndroidManifest.xml:20:9-22:45
105            android:name="com.google.android.gms.common.api.GoogleApiActivity"
105-->[com.google.android.gms:play-services-base:18.0.1] AndroidManifest.xml:20:19-85
106            android:exported="false"
106-->[com.google.android.gms:play-services-base:18.0.1] AndroidManifest.xml:22:19-43
107            android:theme="@android:style/Theme.Translucent.NoTitleBar" />
107-->[com.google.android.gms:play-services-base:18.0.1] AndroidManifest.xml:21:19-78
108
109        <meta-data
109-->[com.google.android.gms:play-services-basement:18.0.0] AndroidManifest.xml:21:9-23:69
110            android:name="com.google.android.gms.version"
110-->[com.google.android.gms:play-services-basement:18.0.0] AndroidManifest.xml:22:13-58
111            android:value="@integer/google_play_services_version" />
111-->[com.google.android.gms:play-services-basement:18.0.0] AndroidManifest.xml:23:13-66
112
113        <uses-library
113-->[androidx.window:window:1.0.0-beta04] AndroidManifest.xml:25:9-27:40
114            android:name="androidx.window.extensions"
114-->[androidx.window:window:1.0.0-beta04] AndroidManifest.xml:26:13-54
115            android:required="false" />
115-->[androidx.window:window:1.0.0-beta04] AndroidManifest.xml:27:13-37
116        <uses-library
116-->[androidx.window:window:1.0.0-beta04] AndroidManifest.xml:28:9-30:40
117            android:name="androidx.window.sidecar"
117-->[androidx.window:window:1.0.0-beta04] AndroidManifest.xml:29:13-51
118            android:required="false" />
118-->[androidx.window:window:1.0.0-beta04] AndroidManifest.xml:30:13-37
119
120        <provider
120-->[androidx.profileinstaller:profileinstaller:1.3.0] AndroidManifest.xml:24:9-32:20
121            android:name="androidx.startup.InitializationProvider"
121-->[androidx.profileinstaller:profileinstaller:1.3.0] AndroidManifest.xml:25:13-67
122            android:authorities="com.example.hire_pro.androidx-startup"
122-->[androidx.profileinstaller:profileinstaller:1.3.0] AndroidManifest.xml:26:13-68
123            android:exported="false" >
123-->[androidx.profileinstaller:profileinstaller:1.3.0] AndroidManifest.xml:27:13-37
124            <meta-data
124-->[androidx.profileinstaller:profileinstaller:1.3.0] AndroidManifest.xml:29:13-31:52
125                android:name="androidx.profileinstaller.ProfileInstallerInitializer"
125-->[androidx.profileinstaller:profileinstaller:1.3.0] AndroidManifest.xml:30:17-85
126                android:value="androidx.startup" />
126-->[androidx.profileinstaller:profileinstaller:1.3.0] AndroidManifest.xml:31:17-49
127        </provider>
128
129        <receiver
129-->[androidx.profileinstaller:profileinstaller:1.3.0] AndroidManifest.xml:34:9-52:20
130            android:name="androidx.profileinstaller.ProfileInstallReceiver"
130-->[androidx.profileinstaller:profileinstaller:1.3.0] AndroidManifest.xml:35:13-76
131            android:directBootAware="false"
131-->[androidx.profileinstaller:profileinstaller:1.3.0] AndroidManifest.xml:36:13-44
132            android:enabled="true"
132-->[androidx.profileinstaller:profileinstaller:1.3.0] AndroidManifest.xml:37:13-35
133            android:exported="true"
133-->[androidx.profileinstaller:profileinstaller:1.3.0] AndroidManifest.xml:38:13-36
134            android:permission="android.permission.DUMP" >
134-->[androidx.profileinstaller:profileinstaller:1.3.0] AndroidManifest.xml:39:13-57
135            <intent-filter>
135-->[androidx.profileinstaller:profileinstaller:1.3.0] AndroidManifest.xml:40:13-42:29
136                <action android:name="androidx.profileinstaller.action.INSTALL_PROFILE" />
136-->[androidx.profileinstaller:profileinstaller:1.3.0] AndroidManifest.xml:41:17-91
136-->[androidx.profileinstaller:profileinstaller:1.3.0] AndroidManifest.xml:41:25-88
137            </intent-filter>
138            <intent-filter>
138-->[androidx.profileinstaller:profileinstaller:1.3.0] AndroidManifest.xml:43:13-45:29
139                <action android:name="androidx.profileinstaller.action.SKIP_FILE" />
139-->[androidx.profileinstaller:profileinstaller:1.3.0] AndroidManifest.xml:44:17-85
139-->[androidx.profileinstaller:profileinstaller:1.3.0] AndroidManifest.xml:44:25-82
140            </intent-filter>
141            <intent-filter>
141-->[androidx.profileinstaller:profileinstaller:1.3.0] AndroidManifest.xml:46:13-48:29
142                <action android:name="androidx.profileinstaller.action.SAVE_PROFILE" />
142-->[androidx.profileinstaller:profileinstaller:1.3.0] AndroidManifest.xml:47:17-88
142-->[androidx.profileinstaller:profileinstaller:1.3.0] AndroidManifest.xml:47:25-85
143            </intent-filter>
144            <intent-filter>
144-->[androidx.profileinstaller:profileinstaller:1.3.0] AndroidManifest.xml:49:13-51:29
145                <action android:name="androidx.profileinstaller.action.BENCHMARK_OPERATION" />
145-->[androidx.profileinstaller:profileinstaller:1.3.0] AndroidManifest.xml:50:17-95
145-->[androidx.profileinstaller:profileinstaller:1.3.0] AndroidManifest.xml:50:25-92
146            </intent-filter>
147        </receiver>
148    </application>
149
150</manifest>